<?xml version="1.0" encoding="UTF-8"?>
<!-- Generated by org.testng.reporters.JUnitXMLReporter -->
<testsuite ignored="0" hostname="Kittu" failures="0" tests="3" name="Default test" time="17.503" errors="0" timestamp="2023-02-23T11:47:39 IST">
  <testcase classname="OrangeHRMApplicationTestcases.OrangeHRMLogin" name="logInPageLogoValidationTest" time="0.175"/>
  <testcase classname="OrangeHRMApplicationTestcases.OrangeHRMLogin" name="logInPageTextValidationTest" time="0.074"/>
  <testcase classname="OrangeHRMApplicationTestcases.OrangeHRMLogin" name="logInPageLogInFuncationalityTest" time="4.864"/>
</testsuite> <!-- Default test -->
